Using pre-set license
Built from '2020.3/release' branch; Version is '2020.3.2f1 (8fd9074bf66c) revision 9427207'; Using compiler version '192528614'; Build Type 'Release'
OS: 'Windows 10 Pro; OS build 19042.867; Version 2009; 64bit' Language: 'ja' Physical Memory: 16273 MB
BatchMode: 1, IsHumanControllingUs: 0, StartBugReporterOnCrash: 0, Is64bit: 1, IsPro: 0

 COMMAND LINE ARGUMENTS:
C:\Program Files\Unity\Hub\Editor\2020.3.2f1\Editor\Unity.exe
-adb2
-batchMode
-noUpm
-name
AssetImportWorker0
-projectPath
C:/Users/Studio 001/Documents/Unity/Dassyutsugame
-logFile
Logs/AssetImportWorker0.log
-srvPort
62269
Successfully changed project path to: C:/Users/Studio 001/Documents/Unity/Dassyutsugame
C:/Users/Studio 001/Documents/Unity/Dassyutsugame
Using Asset Import Pipeline V2.
Refreshing native plugins compatible for Editor in 38.57 ms, found 0 plugins.
Preloading 0 native plugins for Editor in 0.00 ms.
Initialize engine version: 2020.3.2f1 (8fd9074bf66c)
[Subsystems] Discovering subsystems at path C:/Program Files/Unity/Hub/Editor/2020.3.2f1/Editor/Data/Resources/UnitySubsystems
[Subsystems] Discovering subsystems at path C:/Users/Studio 001/Documents/Unity/Dassyutsugame/Assets
GfxDevice: creating device client; threaded=0
Direct3D:
    Version:  Direct3D 11.0 [level 11.0]
    Renderer: NVIDIA Quadro K3000M (ID=0x11be)
    Vendor:   
    VRAM:     2018 MB
    Driver:   22.21.13.8205
Initialize mono
Mono path[0] = 'C:/Program Files/Unity/Hub/Editor/2020.3.2f1/Editor/Data/Managed'
Mono path[1] = 'C:/Program Files/Unity/Hub/Editor/2020.3.2f1/Editor/Data/MonoBleedingEdge/lib/mono/unityjit'
Mono config path = 'C:/Program Files/Unity/Hub/Editor/2020.3.2f1/Editor/Data/MonoBleedingEdge/etc'
Using monoOptions --debugger-agent=transport=dt_socket,embedding=1,server=y,suspend=n,address=127.0.0.1:56816
Begin MonoManager ReloadAssembly
Registering precompiled unity dll's ...
Register platform support module: C:/Program Files/Unity/Hub/Editor/2020.3.2f1/Editor/Data/PlaybackEngines/WindowsStandaloneSupport/UnityEditor.WindowsStandalone.Extensions.dll
Registered in 0.009728 seconds.
Native extension for WindowsStandalone target not found
Refreshing native plugins compatible for Editor in 42.64 ms, found 0 plugins.
Preloading 0 native plugins for Editor in 0.00 ms.
Invoked RoslynAnalysisRunner static constructor.
RoslynAnalysisRunner will not be running.
RoslynAnalysisRunner has terminated.
Mono: successfully reloaded assembly
- Completed reload, in  4.192 seconds
Platform modules already initialized, skipping
Registering precompiled user dll's ...
Registered in 0.002073 seconds.
Begin MonoManager ReloadAssembly
Native extension for WindowsStandalone target not found
Refreshing native plugins compatible for Editor in 0.51 ms, found 0 plugins.
Preloading 0 native plugins for Editor in 0.00 ms.
Invoked RoslynAnalysisRunner static constructor.
RoslynAnalysisRunner will not be running.
RoslynAnalysisRunner has terminated.
Mono: successfully reloaded assembly
- Completed reload, in  1.854 seconds
Platform modules already initialized, skipping
========================================================================
Worker process is ready to serve import requests
Launched and connected shader compiler UnityShaderCompiler.exe after 0.16 seconds
Refreshing native plugins compatible for Editor in 0.25 ms, found 0 plugins.
Preloading 0 native plugins for Editor in 0.00 ms.
Unloading 1115 Unused Serialized files (Serialized files now loaded: 0)
System memory in use before: 59.8 MB.
System memory in use after: 59.9 MB.

Unloading 10 unused Assets to reduce memory usage. Loaded Objects now: 1557.
Total: 2.308600 ms (FindLiveObjects: 0.170200 ms CreateObjectMapping: 0.059500 ms MarkObjects: 1.974500 ms  DeleteObjects: 0.102500 ms)

========================================================================
Received Import Request.
  path: Assets/Models
  artifactKey: Guid(3b922c911db791a49a926f1cebe7182c) Importer(815301076,1909f56bfc062723c751e8b465ee728b)
Start importing Assets/Models using Guid(3b922c911db791a49a926f1cebe7182c) Importer(815301076,1909f56bfc062723c751e8b465ee728b)  -> (artifact id: '94fbfd9a29572590d8b945d3dbdbd190') in 0.011584 seconds
  Import took 0.015040 seconds .

========================================================================
Received Import Request.
  Time since last request: 69.738206 seconds.
  path: Assets/Models/Floor_Wood_01.fbx
  artifactKey: Guid(29094ef0d8ceada458a3465b89ff1531) Importer(815301076,1909f56bfc062723c751e8b465ee728b)
Start importing Assets/Models/Floor_Wood_01.fbx using Guid(29094ef0d8ceada458a3465b89ff1531) Importer(815301076,1909f56bfc062723c751e8b465ee728b)  -> (artifact id: '2ceb2ab84077726d612f1da289048cfe') in 0.804087 seconds
  Import took 0.912288 seconds .

========================================================================
Received Import Request.
  Time since last request: 0.000337 seconds.
  path: Assets/Models/Texture_Floor_Wood.png
  artifactKey: Guid(0e837f8fa2bd37a49914c0c53fcaa11c) Importer(815301076,1909f56bfc062723c751e8b465ee728b)
Start importing Assets/Models/Texture_Floor_Wood.png using Guid(0e837f8fa2bd37a49914c0c53fcaa11c) Importer(815301076,1909f56bfc062723c751e8b465ee728b)  -> (artifact id: 'a609f3f800aa6812ee6c664c408a95d2') in 0.068132 seconds
  Import took 0.071714 seconds .

========================================================================
Received Import Request.
  Time since last request: 194.195107 seconds.
  path: Assets/Models/Ceiling_01.fbx
  artifactKey: Guid(4142592bbc1a8ac42a8f7dc977502c49) Importer(815301076,1909f56bfc062723c751e8b465ee728b)
Start importing Assets/Models/Ceiling_01.fbx using Guid(4142592bbc1a8ac42a8f7dc977502c49) Importer(815301076,1909f56bfc062723c751e8b465ee728b)  -> (artifact id: '6de2e0433a33285094922b9dbfd48d2e') in 0.050603 seconds
  Import took 0.055143 seconds .

========================================================================
Received Import Request.
  Time since last request: 0.000358 seconds.
  path: Assets/Models/Textures.png
  artifactKey: Guid(0cbd0bc705c9c86488827a8eeac51036) Importer(815301076,1909f56bfc062723c751e8b465ee728b)
Start importing Assets/Models/Textures.png using Guid(0cbd0bc705c9c86488827a8eeac51036) Importer(815301076,1909f56bfc062723c751e8b465ee728b)  -> (artifact id: '9ffa57d3ff4dfac1696a91e841114f84') in 0.018899 seconds
  Import took 0.101265 seconds .

========================================================================
Received Import Request.
  Time since last request: 8.582030 seconds.
  path: Assets/Models/Door_01_Beige.fbx
  artifactKey: Guid(c334f6a1eca742342843f6ce8a9fbfff) Importer(815301076,1909f56bfc062723c751e8b465ee728b)
Start importing Assets/Models/Door_01_Beige.fbx using Guid(c334f6a1eca742342843f6ce8a9fbfff) Importer(815301076,1909f56bfc062723c751e8b465ee728b)  -> (artifact id: 'bbfab44bf2a53ceeaceba5156923c7ff') in 0.039638 seconds
  Import took 0.043443 seconds .

========================================================================
Received Import Request.
  Time since last request: 0.000351 seconds.
  path: Assets/Models/Textures 1.png
  artifactKey: Guid(d9de330981c487e47bcb687f48f101b7) Importer(815301076,1909f56bfc062723c751e8b465ee728b)
Start importing Assets/Models/Textures 1.png using Guid(d9de330981c487e47bcb687f48f101b7) Importer(815301076,1909f56bfc062723c751e8b465ee728b)  -> (artifact id: '3ef7c14953440f02ee70cf28d52a8dc7') in 0.020524 seconds
  Import took 0.024716 seconds .

AssetImportWorkerClient::OnTransportError - code=2 error=End of file
